c:\users\admin\onedrive - florida gulf coast university\data structures\hw 2\hw2\hw2\debug\vc142.pdb
c:\users\admin\onedrive - florida gulf coast university\data structures\hw 2\hw2\hw2\debug\vc142.idb
c:\users\admin\onedrive - florida gulf coast university\data structures\hw 2\hw2\hw2\debug\hw2.obj
c:\users\admin\onedrive - florida gulf coast university\data structures\hw 2\hw2\hw2\debug\avltree.obj
c:\users\admin\onedrive - florida gulf coast university\data structures\hw 2\hw2\debug\hw2.pdb
c:\users\admin\onedrive - florida gulf coast university\data structures\hw 2\hw2\hw2\debug\hw2.tlog\cl.command.1.tlog
c:\users\admin\onedrive - florida gulf coast university\data structures\hw 2\hw2\hw2\debug\hw2.tlog\cl.read.1.tlog
c:\users\admin\onedrive - florida gulf coast university\data structures\hw 2\hw2\hw2\debug\hw2.tlog\cl.write.1.tlog
c:\users\admin\onedrive - florida gulf coast university\data structures\hw 2\hw2\hw2\debug\hw2.tlog\link-cvtres.read.1.tlog
c:\users\admin\onedrive - florida gulf coast university\data structures\hw 2\hw2\hw2\debug\hw2.tlog\link-cvtres.write.1.tlog
c:\users\admin\onedrive - florida gulf coast university\data structures\hw 2\hw2\hw2\debug\hw2.tlog\link-rc.read.1.tlog
c:\users\admin\onedrive - florida gulf coast university\data structures\hw 2\hw2\hw2\debug\hw2.tlog\link-rc.write.1.tlog
c:\users\admin\onedrive - florida gulf coast university\data structures\hw 2\hw2\hw2\debug\hw2.tlog\link.4632-cvtres.read.1.tlog
c:\users\admin\onedrive - florida gulf coast university\data structures\hw 2\hw2\hw2\debug\hw2.tlog\link.4632-cvtres.write.1.tlog
c:\users\admin\onedrive - florida gulf coast university\data structures\hw 2\hw2\hw2\debug\hw2.tlog\link.4632-rc.read.1.tlog
c:\users\admin\onedrive - florida gulf coast university\data structures\hw 2\hw2\hw2\debug\hw2.tlog\link.4632-rc.write.1.tlog
c:\users\admin\onedrive - florida gulf coast university\data structures\hw 2\hw2\hw2\debug\hw2.tlog\link.4632.read.1.tlog
c:\users\admin\onedrive - florida gulf coast university\data structures\hw 2\hw2\hw2\debug\hw2.tlog\link.4632.write.1.tlog
c:\users\admin\onedrive - florida gulf coast university\data structures\hw 2\hw2\hw2\debug\hw2.tlog\link.command.1.tlog
c:\users\admin\onedrive - florida gulf coast university\data structures\hw 2\hw2\hw2\debug\hw2.tlog\link.read.1.tlog
c:\users\admin\onedrive - florida gulf coast university\data structures\hw 2\hw2\hw2\debug\hw2.tlog\link.write.1.tlog
